/opt/conda/envs/pytorch-build/lib/python3.7/site-packages/tensorflow/python/framework/dtypes.py:526: FutureWarning: Passing (type, 1) or '1type' as a synonym of type is deprecated; in a future version of numpy, it will be understood as (type, (1,)) / '(1,)type'.
  _np_qint8 = np.dtype([("qint8", np.int8, 1)])
/opt/conda/envs/pytorch-build/lib/python3.7/site-packages/tensorflow/python/framework/dtypes.py:527: FutureWarning: Passing (type, 1) or '1type' as a synonym of type is deprecated; in a future version of numpy, it will be understood as (type, (1,)) / '(1,)type'.
  _np_quint8 = np.dtype([("quint8", np.uint8, 1)])
/opt/conda/envs/pytorch-build/lib/python3.7/site-packages/tensorflow/python/framework/dtypes.py:528: FutureWarning: Passing (type, 1) or '1type' as a synonym of type is deprecated; in a future version of numpy, it will be understood as (type, (1,)) / '(1,)type'.
  _np_qint16 = np.dtype([("qint16", np.int16, 1)])
/opt/conda/envs/pytorch-build/lib/python3.7/site-packages/tensorflow/python/framework/dtypes.py:529: FutureWarning: Passing (type, 1) or '1type' as a synonym of type is deprecated; in a future version of numpy, it will be understood as (type, (1,)) / '(1,)type'.
  _np_quint16 = np.dtype([("quint16", np.uint16, 1)])
/opt/conda/envs/pytorch-build/lib/python3.7/site-packages/tensorflow/python/framework/dtypes.py:530: FutureWarning: Passing (type, 1) or '1type' as a synonym of type is deprecated; in a future version of numpy, it will be understood as (type, (1,)) / '(1,)type'.
  _np_qint32 = np.dtype([("qint32", np.int32, 1)])
/opt/conda/envs/pytorch-build/lib/python3.7/site-packages/tensorflow/python/framework/dtypes.py:535: FutureWarning: Passing (type, 1) or '1type' as a synonym of type is deprecated; in a future version of numpy, it will be understood as (type, (1,)) / '(1,)type'.
  np_resource = np.dtype([("resource", np.ubyte, 1)])
Using TensorFlow backend.
/opt/conda/envs/pytorch-build/lib/python3.7/site-packages/imgaug/imgaug.py:184: DeprecationWarning: Function `ContrastNormalization()` is deprecated. Use `imgaug.contrast.LinearContrast` instead.
  warn_deprecated(msg, stacklevel=3)
WARNING:tensorflow:From /opt/conda/envs/pytorch-build/lib/python3.7/site-packages/tensorflow/python/framework/op_def_library.py:263: colocate_with (from tensorflow.python.framework.ops) is deprecated and will be removed in a future version.
Instructions for updating:
Colocations handled automatically by placer.
2022-12-12 04:46:11.005284: I tensorflow/core/platform/cpu_feature_guard.cc:141] Your CPU supports instructions that this TensorFlow binary was not compiled to use: AVX2 FMA
2022-12-12 04:46:11.032601: I tensorflow/core/platform/profile_utils/cpu_utils.cc:94] CPU Frequency: 2199995000 Hz
2022-12-12 04:46:11.034471: I tensorflow/compiler/xla/service/service.cc:150] XLA service 0x55a45d937270 executing computations on platform Host. Devices:
2022-12-12 04:46:11.034517: I tensorflow/compiler/xla/service/service.cc:158]   StreamExecutor device (0): <undefined>, <undefined>
WARNING:tensorflow:From /opt/conda/envs/pytorch-build/lib/python3.7/site-packages/tensorflow/python/ops/math_ops.py:3066: to_int32 (from tensorflow.python.ops.math_ops) is deprecated and will be removed in a future version.
Instructions for updating:
Use tf.cast instead.

Configurations:
BACKBONE                       resnet50
BACKBONE_STRIDES               [4, 8, 16, 32, 64]
BATCH_SIZE                     8
BBOX_STD_DEV                   [0.1 0.1 0.2 0.2]
COMPUTE_BACKBONE_SHAPE         None
DETECTION_MAX_INSTANCES        3
DETECTION_MIN_CONFIDENCE       0.7
DETECTION_NMS_THRESHOLD        0.1
FPN_CLASSIF_FC_LAYERS_SIZE     1024
GPU_COUNT                      1
GRADIENT_CLIP_NORM             5.0
IMAGES_PER_GPU                 8
IMAGE_CHANNEL_COUNT            3
IMAGE_MAX_DIM                  256
IMAGE_META_SIZE                14
IMAGE_MIN_DIM                  256
IMAGE_MIN_SCALE                0
IMAGE_RESIZE_MODE              square
IMAGE_SHAPE                    [256 256   3]
LEARNING_MOMENTUM              0.9
LEARNING_RATE                  0.001
LOSS_WEIGHTS                   {'rpn_class_loss': 1.0, 'rpn_bbox_loss': 1.0, 'mrcnn_class_loss': 1.0, 'mrcnn_bbox_loss': 1.0, 'mrcnn_mask_loss': 1.0}
MASK_POOL_SIZE                 14
MASK_SHAPE                     [28, 28]
MAX_GT_INSTANCES               3
MEAN_PIXEL                     [123.7 116.8 103.9]
MINI_MASK_SHAPE                (56, 56)
NAME                           pneumonia
NUM_CLASSES                    2
POOL_SIZE                      7
POST_NMS_ROIS_INFERENCE        1000
POST_NMS_ROIS_TRAINING         2000
PRE_NMS_LIMIT                  6000
ROI_POSITIVE_RATIO             0.33
RPN_ANCHOR_RATIOS              [0.5, 1, 2]
RPN_ANCHOR_SCALES              (32, 64, 128, 256, 1)
RPN_ANCHOR_STRIDE              1
RPN_BBOX_STD_DEV               [0.1 0.1 0.2 0.2]
RPN_NMS_THRESHOLD              0.7
RPN_TRAIN_ANCHORS_PER_IMAGE    256
STEPS_PER_EPOCH                200
TOP_DOWN_PYRAMID_SIZE          256
TRAIN_BN                       False
TRAIN_ROIS_PER_IMAGE           32
USE_MINI_MASK                  True
USE_RPN_ROIS                   True
VALIDATION_STEPS               50
WEIGHT_DECAY                   0.0001


25350 1334
Re-starting from epoch 2

Starting at epoch 2. LR=0.005

Checkpoint Path: ./pneumonia20221212T0116/mask_rcnn_pneumonia_{epoch:04d}.h5
Selecting layers to train
conv1                  (Conv2D)
bn_conv1               (BatchNorm)
res2a_branch2a         (Conv2D)
bn2a_branch2a          (BatchNorm)
res2a_branch2b         (Conv2D)
bn2a_branch2b          (BatchNorm)
res2a_branch2c         (Conv2D)
res2a_branch1          (Conv2D)
bn2a_branch2c          (BatchNorm)
bn2a_branch1           (BatchNorm)
res2b_branch2a         (Conv2D)
bn2b_branch2a          (BatchNorm)
res2b_branch2b         (Conv2D)
bn2b_branch2b          (BatchNorm)
res2b_branch2c         (Conv2D)
bn2b_branch2c          (BatchNorm)
res2c_branch2a         (Conv2D)
bn2c_branch2a          (BatchNorm)
res2c_branch2b         (Conv2D)
bn2c_branch2b          (BatchNorm)
res2c_branch2c         (Conv2D)
bn2c_branch2c          (BatchNorm)
res3a_branch2a         (Conv2D)
bn3a_branch2a          (BatchNorm)
res3a_branch2b         (Conv2D)
bn3a_branch2b          (BatchNorm)
res3a_branch2c         (Conv2D)
res3a_branch1          (Conv2D)
bn3a_branch2c          (BatchNorm)
bn3a_branch1           (BatchNorm)
res3b_branch2a         (Conv2D)
bn3b_branch2a          (BatchNorm)
res3b_branch2b         (Conv2D)
bn3b_branch2b          (BatchNorm)
res3b_branch2c         (Conv2D)
bn3b_branch2c          (BatchNorm)
res3c_branch2a         (Conv2D)
bn3c_branch2a          (BatchNorm)
res3c_branch2b         (Conv2D)
bn3c_branch2b          (BatchNorm)
res3c_branch2c         (Conv2D)
bn3c_branch2c          (BatchNorm)
res3d_branch2a         (Conv2D)
bn3d_branch2a          (BatchNorm)
res3d_branch2b         (Conv2D)
bn3d_branch2b          (BatchNorm)
res3d_branch2c         (Conv2D)
bn3d_branch2c          (BatchNorm)
res4a_branch2a         (Conv2D)
bn4a_branch2a          (BatchNorm)
res4a_branch2b         (Conv2D)
bn4a_branch2b          (BatchNorm)
res4a_branch2c         (Conv2D)
res4a_branch1          (Conv2D)
bn4a_branch2c          (BatchNorm)
bn4a_branch1           (BatchNorm)
res4b_branch2a         (Conv2D)
bn4b_branch2a          (BatchNorm)
res4b_branch2b         (Conv2D)
bn4b_branch2b          (BatchNorm)
res4b_branch2c         (Conv2D)
bn4b_branch2c          (BatchNorm)
res4c_branch2a         (Conv2D)
bn4c_branch2a          (BatchNorm)
res4c_branch2b         (Conv2D)
bn4c_branch2b          (BatchNorm)
res4c_branch2c         (Conv2D)
bn4c_branch2c          (BatchNorm)
res4d_branch2a         (Conv2D)
bn4d_branch2a          (BatchNorm)
res4d_branch2b         (Conv2D)
bn4d_branch2b          (BatchNorm)
res4d_branch2c         (Conv2D)
bn4d_branch2c          (BatchNorm)
res4e_branch2a         (Conv2D)
bn4e_branch2a          (BatchNorm)
res4e_branch2b         (Conv2D)
bn4e_branch2b          (BatchNorm)
res4e_branch2c         (Conv2D)
bn4e_branch2c          (BatchNorm)
res4f_branch2a         (Conv2D)
bn4f_branch2a          (BatchNorm)
res4f_branch2b         (Conv2D)
bn4f_branch2b          (BatchNorm)
res4f_branch2c         (Conv2D)
bn4f_branch2c          (BatchNorm)
res5a_branch2a         (Conv2D)
bn5a_branch2a          (BatchNorm)
res5a_branch2b         (Conv2D)
bn5a_branch2b          (BatchNorm)
res5a_branch2c         (Conv2D)
res5a_branch1          (Conv2D)
bn5a_branch2c          (BatchNorm)
bn5a_branch1           (BatchNorm)
res5b_branch2a         (Conv2D)
bn5b_branch2a          (BatchNorm)
res5b_branch2b         (Conv2D)
bn5b_branch2b          (BatchNorm)
res5b_branch2c         (Conv2D)
bn5b_branch2c          (BatchNorm)
res5c_branch2a         (Conv2D)
bn5c_branch2a          (BatchNorm)
res5c_branch2b         (Conv2D)
bn5c_branch2b          (BatchNorm)
res5c_branch2c         (Conv2D)
bn5c_branch2c          (BatchNorm)
fpn_c5p5               (Conv2D)
fpn_c4p4               (Conv2D)
fpn_c3p3               (Conv2D)
fpn_c2p2               (Conv2D)
fpn_p5                 (Conv2D)
fpn_p2                 (Conv2D)
fpn_p3                 (Conv2D)
fpn_p4                 (Conv2D)
In model:  rpn_model
    rpn_conv_shared        (Conv2D)
    rpn_class_raw          (Conv2D)
    rpn_bbox_pred          (Conv2D)
mrcnn_mask_conv1       (TimeDistributed)
mrcnn_mask_bn1         (TimeDistributed)
mrcnn_mask_conv2       (TimeDistributed)
mrcnn_mask_bn2         (TimeDistributed)
mrcnn_class_conv1      (TimeDistributed)
mrcnn_class_bn1        (TimeDistributed)
mrcnn_mask_conv3       (TimeDistributed)
mrcnn_mask_bn3         (TimeDistributed)
mrcnn_class_conv2      (TimeDistributed)
mrcnn_class_bn2        (TimeDistributed)
mrcnn_mask_conv4       (TimeDistributed)
mrcnn_mask_bn4         (TimeDistributed)
mrcnn_bbox_fc          (TimeDistributed)
mrcnn_mask_deconv      (TimeDistributed)
mrcnn_class_logits     (TimeDistributed)
mrcnn_mask             (TimeDistributed)
Epoch 3/10
2022-12-12 04:48:19.954743: W ./tensorflow/core/grappler/optimizers/graph_optimizer_stage.h:241] Failed to run optimizer ArithmeticOptimizer, stage RemoveStackStridedSliceSameAxis node proposal_targets/strided_slice. Error: ValidateStridedSliceOp returned partial shapes [1,?,?] and [?,?]
2022-12-12 04:48:19.962250: W ./tensorflow/core/grappler/optimizers/graph_optimizer_stage.h:241] Failed to run optimizer ArithmeticOptimizer, stage RemoveStackStridedSliceSameAxis node proposal_targets/strided_slice_37. Error: ValidateStridedSliceOp returned partial shapes [1,?,?] and [?,?]
2022-12-12 04:48:19.962304: W ./tensorflow/core/grappler/optimizers/graph_optimizer_stage.h:241] Failed to run optimizer ArithmeticOptimizer, stage RemoveStackStridedSliceSameAxis node proposal_targets/strided_slice_74. Error: ValidateStridedSliceOp returned partial shapes [1,?,?] and [?,?]
2022-12-12 04:48:19.962332: W ./tensorflow/core/grappler/optimizers/graph_optimizer_stage.h:241] Failed to run optimizer ArithmeticOptimizer, stage RemoveStackStridedSliceSameAxis node proposal_targets/strided_slice_111. Error: ValidateStridedSliceOp returned partial shapes [1,?,?] and [?,?]
2022-12-12 04:48:19.962357: W ./tensorflow/core/grappler/optimizers/graph_optimizer_stage.h:241] Failed to run optimizer ArithmeticOptimizer, stage RemoveStackStridedSliceSameAxis node proposal_targets/strided_slice_148. Error: ValidateStridedSliceOp returned partial shapes [1,?,?] and [?,?]
2022-12-12 04:48:19.962383: W ./tensorflow/core/grappler/optimizers/graph_optimizer_stage.h:241] Failed to run optimizer ArithmeticOptimizer, stage RemoveStackStridedSliceSameAxis node proposal_targets/strided_slice_185. Error: ValidateStridedSliceOp returned partial shapes [1,?,?] and [?,?]
2022-12-12 04:48:19.962409: W ./tensorflow/core/grappler/optimizers/graph_optimizer_stage.h:241] Failed to run optimizer ArithmeticOptimizer, stage RemoveStackStridedSliceSameAxis node proposal_targets/strided_slice_222. Error: ValidateStridedSliceOp returned partial shapes [1,?,?] and [?,?]
2022-12-12 04:48:19.962434: W ./tensorflow/core/grappler/optimizers/graph_optimizer_stage.h:241] Failed to run optimizer ArithmeticOptimizer, stage RemoveStackStridedSliceSameAxis node proposal_targets/strided_slice_259. Error: ValidateStridedSliceOp returned partial shapes [1,?,?] and [?,?]
2022-12-12 04:48:44.339242: W ./tensorflow/core/grappler/optimizers/graph_optimizer_stage.h:241] Failed to run optimizer ArithmeticOptimizer, stage RemoveStackStridedSliceSameAxis node proposal_targets/strided_slice. Error: ValidateStridedSliceOp returned partial shapes [1,?,?] and [?,?]
2022-12-12 04:48:44.376719: W ./tensorflow/core/grappler/optimizers/graph_optimizer_stage.h:241] Failed to run optimizer ArithmeticOptimizer, stage RemoveStackStridedSliceSameAxis node proposal_targets/strided_slice_37. Error: ValidateStridedSliceOp returned partial shapes [1,?,?] and [?,?]
2022-12-12 04:48:44.376810: W ./tensorflow/core/grappler/optimizers/graph_optimizer_stage.h:241] Failed to run optimizer ArithmeticOptimizer, stage RemoveStackStridedSliceSameAxis node proposal_targets/strided_slice_74. Error: ValidateStridedSliceOp returned partial shapes [1,?,?] and [?,?]
2022-12-12 04:48:44.376854: W ./tensorflow/core/grappler/optimizers/graph_optimizer_stage.h:241] Failed to run optimizer ArithmeticOptimizer, stage RemoveStackStridedSliceSameAxis node proposal_targets/strided_slice_111. Error: ValidateStridedSliceOp returned partial shapes [1,?,?] and [?,?]
2022-12-12 04:48:44.376883: W ./tensorflow/core/grappler/optimizers/graph_optimizer_stage.h:241] Failed to run optimizer ArithmeticOptimizer, stage RemoveStackStridedSliceSameAxis node proposal_targets/strided_slice_148. Error: ValidateStridedSliceOp returned partial shapes [1,?,?] and [?,?]
2022-12-12 04:48:44.376909: W ./tensorflow/core/grappler/optimizers/graph_optimizer_stage.h:241] Failed to run optimizer ArithmeticOptimizer, stage RemoveStackStridedSliceSameAxis node proposal_targets/strided_slice_185. Error: ValidateStridedSliceOp returned partial shapes [1,?,?] and [?,?]
2022-12-12 04:48:44.376935: W ./tensorflow/core/grappler/optimizers/graph_optimizer_stage.h:241] Failed to run optimizer ArithmeticOptimizer, stage RemoveStackStridedSliceSameAxis node proposal_targets/strided_slice_222. Error: ValidateStridedSliceOp returned partial shapes [1,?,?] and [?,?]
2022-12-12 04:48:44.376962: W ./tensorflow/core/grappler/optimizers/graph_optimizer_stage.h:241] Failed to run optimizer ArithmeticOptimizer, stage RemoveStackStridedSliceSameAxis node proposal_targets/strided_slice_259. Error: ValidateStridedSliceOp returned partial shapes [1,?,?] and [?,?]
terminate called after throwing an instance of 'std::system_error'
  what():  Resource temporarily unavailable
